::ffff:127.0.0.1 - - [23/May/2019:00:26:44 +0000] "GET /properties HTTP/1.1" 200 816
::ffff:127.0.0.1 - - [23/May/2019:00:26:45 +0000] "GET /bundle.css HTTP/1.1" 304 -
::ffff:127.0.0.1 - - [23/May/2019:00:26:45 +0000] "GET /element-data/.json HTTP/1.1" 304 -
::ffff:127.0.0.1 - - [23/May/2019:00:26:45 +0000] "GET /element-data/type.json HTTP/1.1" 304 -
::ffff:127.0.0.1 - - [23/May/2019:00:26:46 +0000] "GET /old/element/discovered.json HTTP/1.1" 304 -
::ffff:127.0.0.1 - - [23/May/2019:00:26:46 +0000] "GET /old/element/placement.json HTTP/1.1" 304 -
::ffff:127.0.0.1 - - [23/May/2019:00:26:46 +0000] "GET /old/element/simple.json HTTP/1.1" 304 -
::ffff:127.0.0.1 - - [23/May/2019:00:26:46 +0000] "GET /old/label/period.json HTTP/1.1" 304 -
::ffff:127.0.0.1 - - [23/May/2019:00:26:46 +0000] "GET /old/label/group.json HTTP/1.1" 304 -
::ffff:127.0.0.1 - - [23/May/2019:00:26:46 +0000] "GET /favicon.ico HTTP/1.1" 200 816
::1 - - [23/May/2019:01:01:26 +0000] "GET / HTTP/1.1" 200 816
::1 - - [23/May/2019:01:01:26 +0000] "GET /bundle.js HTTP/1.1" 200 470431
::1 - - [23/May/2019:01:01:26 +0000] "GET /bundle.css HTTP/1.1" 200 201147
::1 - - [23/May/2019:01:01:27 +0000] "GET /assets/placeholder.png HTTP/1.1" 200 10798
::1 - - [23/May/2019:01:01:27 +0000] "GET /element-data/type.json HTTP/1.1" 200 4879
::1 - - [23/May/2019:01:01:27 +0000] "GET /element-data/.json HTTP/1.1" 200 816
::1 - - [23/May/2019:01:01:27 +0000] "GET /old/element/discovered.json HTTP/1.1" 200 10456
::1 - - [23/May/2019:01:01:27 +0000] "GET /old/element/placement.json HTTP/1.1" 200 11886
::1 - - [23/May/2019:01:01:27 +0000] "GET /old/element/simple.json HTTP/1.1" 200 22805
::1 - - [23/May/2019:01:01:27 +0000] "GET /old/label/period.json HTTP/1.1" 200 682
::1 - - [23/May/2019:01:01:27 +0000] "GET /old/label/group.json HTTP/1.1" 200 1840
::1 - - [23/May/2019:01:01:27 +0000] "GET /assets/lato-regular-webfont.woff2 HTTP/1.1" 200 25008
::1 - - [23/May/2019:01:01:27 +0000] "GET /assets/roboto-regular-webfont.woff2 HTTP/1.1" 200 19724
::1 - - [23/May/2019:01:01:27 +0000] "GET /assets/roboto-light-webfont.woff2 HTTP/1.1" 200 19696
::1 - - [23/May/2019:01:01:27 +0000] "GET /assets/lato-light-webfont.woff2 HTTP/1.1" 200 24264
::1 - - [23/May/2019:01:01:27 +0000] "GET /assets/lato-bold-webfont.woff2 HTTP/1.1" 200 25396
::1 - - [23/May/2019:01:01:28 +0000] "GET /assets/MaterialIcons-Regular.woff2 HTTP/1.1" 200 44300
::1 - - [23/May/2019:01:01:37 +0000] "GET /properties HTTP/1.1" 200 816
::1 - - [23/May/2019:01:01:37 +0000] "GET /bundle.css HTTP/1.1" 304 -
::1 - - [23/May/2019:01:01:37 +0000] "GET /bundle.js HTTP/1.1" 304 -
::1 - - [23/May/2019:01:01:38 +0000] "GET /assets/placeholder.png HTTP/1.1" 304 -
::1 - - [23/May/2019:01:01:38 +0000] "GET /assets/roboto-light-webfont.woff2 HTTP/1.1" 304 -
::1 - - [23/May/2019:01:01:38 +0000] "GET /assets/roboto-regular-webfont.woff2 HTTP/1.1" 304 -
::1 - - [23/May/2019:01:01:38 +0000] "GET /assets/lato-regular-webfont.woff2 HTTP/1.1" 304 -
::1 - - [23/May/2019:01:01:38 +0000] "GET /element-data/.json HTTP/1.1" 304 -
::1 - - [23/May/2019:01:01:38 +0000] "GET /element-data/type.json HTTP/1.1" 304 -
::1 - - [23/May/2019:01:01:38 +0000] "GET /old/element/discovered.json HTTP/1.1" 304 -
::1 - - [23/May/2019:01:01:38 +0000] "GET /old/element/placement.json HTTP/1.1" 304 -
::1 - - [23/May/2019:01:01:38 +0000] "GET /old/element/simple.json HTTP/1.1" 304 -
::1 - - [23/May/2019:01:01:38 +0000] "GET /old/label/period.json HTTP/1.1" 304 -
::1 - - [23/May/2019:01:01:38 +0000] "GET /old/label/group.json HTTP/1.1" 304 -
::1 - - [23/May/2019:01:01:38 +0000] "GET /assets/lato-bold-webfont.woff2 HTTP/1.1" 304 -
::1 - - [23/May/2019:01:01:38 +0000] "GET /assets/lato-light-webfont.woff2 HTTP/1.1" 304 -
::1 - - [23/May/2019:01:01:38 +0000] "GET /favicon.ico HTTP/1.1" 200 816
::1 - - [23/May/2019:01:01:39 +0000] "GET /assets/MaterialIcons-Regular.woff2 HTTP/1.1" 304 -
::1 - - [23/May/2019:01:06:17 +0000] "GET /properties HTTP/1.1" 304 -
::1 - - [23/May/2019:01:06:17 +0000] "GET /bundle.css HTTP/1.1" 304 -
::1 - - [23/May/2019:01:06:17 +0000] "GET /bundle.js HTTP/1.1" 304 -
::1 - - [23/May/2019:01:06:17 +0000] "GET /assets/placeholder.png HTTP/1.1" 304 -
::1 - - [23/May/2019:01:06:18 +0000] "GET /assets/roboto-light-webfont.woff2 HTTP/1.1" 304 -
::1 - - [23/May/2019:01:06:18 +0000] "GET /assets/roboto-regular-webfont.woff2 HTTP/1.1" 304 -
::1 - - [23/May/2019:01:06:18 +0000] "GET /assets/lato-regular-webfont.woff2 HTTP/1.1" 304 -
::1 - - [23/May/2019:01:06:18 +0000] "GET /element-data/.json HTTP/1.1" 304 -
::1 - - [23/May/2019:01:06:18 +0000] "GET /element-data/type.json HTTP/1.1" 304 -
::1 - - [23/May/2019:01:06:18 +0000] "GET /old/element/discovered.json HTTP/1.1" 304 -
::1 - - [23/May/2019:01:06:18 +0000] "GET /old/element/placement.json HTTP/1.1" 304 -
::1 - - [23/May/2019:01:06:18 +0000] "GET /old/element/simple.json HTTP/1.1" 304 -
::1 - - [23/May/2019:01:06:18 +0000] "GET /old/label/period.json HTTP/1.1" 304 -
::1 - - [23/May/2019:01:06:18 +0000] "GET /old/label/group.json HTTP/1.1" 304 -
::1 - - [23/May/2019:01:06:18 +0000] "GET /assets/lato-bold-webfont.woff2 HTTP/1.1" 304 -
::1 - - [23/May/2019:01:06:18 +0000] "GET /assets/lato-light-webfont.woff2 HTTP/1.1" 304 -
::1 - - [23/May/2019:01:06:18 +0000] "GET /favicon.ico HTTP/1.1" 200 816
::1 - - [23/May/2019:01:06:19 +0000] "GET /assets/MaterialIcons-Regular.woff2 HTTP/1.1" 304 -
::1 - - [23/May/2019:01:06:25 +0000] "GET /bundle.css HTTP/1.1" 304 -
::1 - - [23/May/2019:01:06:25 +0000] "GET /bundle.js.map HTTP/1.1" 200 816
